[  0.000 Inialing ro subs uset[   0.000]Initliing grp ubsycp
  0.0000 Iniialinggrousuys cac
[  00000 Lux vsi 4.4.51enerc uidd@l0108) ccersi 5.0 2609 (Unt 5.0ubuntu~104.4) 2-Ubtu P Th N 24 18::5UTC 16Ubunt4.0-512-neric 4.0)
  0.0000 Cmmanli: BOT_AG=/bootvmnu-4.4-5genec ot=UD=fb16-ae-4f-ba-3c90e9e1o nsoltt conso=tyS0   0000] KEELuppoedpus:
  .0000]  teGenueIel
  0.0000  MD AheicAM
[  0.00]   ntr Ceauauls[   0.000] --------[ cu he --------[   0.000]WARNG:CP 0ID: atbuildin-j9zP/nux-4.arch86ernefpxsta.c17 fp__itsyst_xate+380x75)[   0.0000 XVE conisen prole dmpinglees
[   0.000] Modules lind :
[  000000CP 0 PID: 0 Cmmswapper Not tainted 4.4.0-51-generic #72-Ubuntu
[   0.0000]  00000000086f1b8a82e72 fffff8103d8 fffff813f5fc3
[   00000] fffff8e0c8 ffffff8a549 fffff81038 ffffff082b2   00000  fffff8e03e8 fffff8e04c000000000000008 0000000000000100
   0.000] all ra:
[   0.000]  <fffff81f53>] umstck+0x63/x90
  0.0000  [<fffff808122>wan_slowpath_omn+x82/0xc0[   0.00000 [ffffff0813c>wan_slowpathfm0xc/0x80
[  0.00000]  [<ffffffff8107cf50>] ? xfeature_size+0x59/0x77
[    0.000000]  [<ffffffff81f6bee1>] fpu__init_system_xstate+0x38b/0x75a
[    0.000000]  [<ffffffff81f5b120>] ? early_idt_handler_array+0x120/0x120
[    0.000000]  [<ffffffff81f6b84c>] fpu__init_system+0x10d/0x245
[    0.000000]  [<ffffffff81f6c955>] early_cpu_init+0x139/0x13e
[    0.000000]  [<ffffffff81f6c955>] ? early_cpu_init+0x139/0x13e
[    0.000000]  [<ffffffff81f67e2f>] setup_arch+0xb4/0xd1e
[    0.000000]  [<ffffffff81f5b12] earl_it_handler_array+0x120/x120
[   000000  ffffff81bc4>] star_kne+0xe4x4
[   0.000]  <fffff81f512]  eary_t_andlr_ra+0x120/x1
    .000]  [fffff81f533] 86_6_srtreservations+0x2a/0x2c
[   00000][<fffff85b85>]8664strtkeel+0140x6d
  .00000--[ en tce4d5f9f6c4233 ]---
[    0.000000] CPUID[0d, 00]: eax=00000007 ebx=00000440 ecx=00000440 edx=00000000
[    0.000000] CPUID[0d, 01: x=00000 bx=0003 ecx=0000 edx00000
[    0.00000] CPUID[0d, 02]: x=000000bx0000240 cx0000000 edx=0000
[  .00000CPID[0, ]:eax=0000 ebx00000 ec=00000 ex=00000
[    0000] PU[0, 04: ax=000000 eb=00000 e=00000 e=000000    .000] CPIDd,05] e=000000eb000000ec=00000 ex=00000
[  .00000] CPUID0d06:: ex=00000 eb=000000ec000000 e=000000[    0.000]CPUI[0 0]: ex=00000 bx000000ec0000000 edx=00000000
[    0.000000] CPD[, 08: x=00000 x=000000 e=00000 ex=00000
[  .00000 CID0d 0: ax=00000000 ebx=00000000 ecx=00000000 edx=00000000
[    0.000000] CPUID[0d, 0a]: eax=0000000 bx000000ec=00000 ex=0000000
[  0.0000 CUID[d,b] eax=0000 eb=00000 ec000000ed000000
  0.000000] CPUID[0d, 0: x=000000bx=00000ecx=0000 edx00000
[    0.000]CPUID[0d, 00d]: eax=00000000 ebx=00000000 ec=000000 edx=00000000[    0.0000 CUID[d,e] eax=00000ebx=000000ec=00000 ex=00000
[  .00000 CID0d, f]ea=000000 x=00000 cx=00000ed=00000[   0.000]CPUI[0 1]:ea0000000eb=000000 cx000000ed=0000000[   0.0000] PUID0d, 1] ex=00000 bx=00000ecx=000000 edx=00000000
[    0.000000] x86/fpu: xstate_offset[2]:  576, xstate_sizes[2]:  256
[    0.000000] x86/fpu: Supportin XAVE ftu 0x01: x8flatingpot egiser
    .000] x8/f: uppoti XAVE eare0x2:SS regte'
[  00000] 6/pu: Supporting XSAVE feature 0x04: 'AVX registers'
[    0.000000] x86/fpu: Enabled xstate features 0x7, context size is 1088 bytes, using 'standard' format.
[    0.000000] x86/fpu: Using 'lazy' FPU context switches.
[    0.000000] e820: BIOS-provided physical RAM map:
[    0.000000] BIOS-e820: [mem 0x0000000000000000-0x000000000009fbff] usable
[    0.000000] BIOS-e820: [mem 0x000000000009fc00-0x000000000009ffff] reserved
[    0.000000] BIOS-e820: [mem 0x00000000000f0000-0x00000000000fffff] reserved
[    0.000000] BIOS-e820: [mem 0x0000000000100000-0x000000003ffeffff] usable
[    0.000000] BIOS-e82 [em 0x000000003fff0000-0x000000003fffffff] ACPI data
[    0.000000] BIOS-e820: [mem 0x000000ec0000x000000f00ff] esve
[   00000]BI-e20: emx000000ee0000x000000eefff]rervd
[  000000]BI-e20: me 00000000fffc0000-0x00000000ffffffff] reserved
[    0.000000] NX (Execute Disable) protection: ati
   .0000]SMOS2.5 rent
[   .00000] Hypervisor deecd:KVM
[    0.00000 e20: lat_fn 0x3ffma_arcpf= 0x40000
[   0.000]MT: isabed[   0.000] x6/T:MTRR dabed, kiin PAT iitalatio t.
[  0.0000 x/PT: Coigatio [7] WB  WT  UC- C  B WT UC-UC
    0000] CP MRsall blnk virtulid yste.    .000] fondMPMPabe t [mm 000fff00x00fff]mapedat[fff88009fff][   .000] Scanin1 reas for low memory corruption
[    0.000000] RAMDISK: [mem 0x36a5c000-0x37525fff]
[    0.000000] ACPI: Early table checksum verification disabled
[    0.000000] ACPI: RSDP 0x00000000000E0000 000024 (v02 VBOX  )[   0.000] ACP: DT0x000003FF000 00C (v1 OX  VBOXSD0000001 AS  00061)
[    00000] CP FCP 0x00003FFF0F 00F4 (v4 OX  BOFAP 000001SL 0000061
[   00000 ACP: SD0x0000003FF047 021 (v01VB  VBOXBIOS 00000002 INTL 20100528)
[    0.000000] ACPI: FACS 0x000000003FFF0200 000040
[    0.000000] ACPI: FACS 0x000000003FFF0200 000040
[    0.000000] ACPI: APIC 0x000000003FFF0240 00005C (v02 VBOX   VBOXAPIC 00000001 ASL  00000061)
[    0.000000] ACPI: SSDT 0x000000003FFF02A0 0001CC (v01 VBOX   VBOXCPUT 00000002 INTL 20100528)
[    0.000000] No NUMA configuration found
[    0.000000] Faking a node at [mem 0x0000000000000000-0x000000003ffeffff]
[    0.000000] NODE_DATA(0) allocated [mem 0x3ffeb000-0x3ffeffff]
[    0.000000] kvm-clock: Using msrs 4b564d01 and 4b564d00
[    0.000000] kvm-clock: cpu 0, msr 0:3ffe7001, primary cpu clock
[    0.000000] kvm-clock: using sch ofset  3022737yces[  0.000] lockoue:kvm-lo: ask: 0xfffffffffff m_ccles 0cd2e4df, axidlens88590514 n
[   .0000]Zo rnges
    .00000  MA    [m 0000000000000-0x0000000000ffffff]
[    0.000000]   DMA32    [mem 0x0000000001000000-0x000000003ffeffff]
[    0.000000]   Normal   empty
[    0.000000]   Device   empty
[    0.000000] Movable zone start for each node
[    0.000000] Early memory node ranges
[    0.000000]   node   0: [mem 0x0000000000001000-0x000000000009efff]
[    0.000000]   node  : mem x0000000100000-0x0000000fefff]
[  .00000Intmem stunoe  [m x00000000100-0000000ffff]
[    0.000000] PIPM-TmeIOPort 000
[   00000]IOIC[0]: icd 2, versio 3 adres 0ec0000 G 023
  0.00000]AC: IN_S_OR (bus 0 bus_irq 0 global_irq 2 d d)
[  000000] APIIN_SRCOV(bs 0 usrq9 glbair 9 high lel
[    0.00] UsngCP (MAT)orSMP onguatio ioratio
  0.0000] mpoot:Alwig 2 Cs,0 otplg CUs
[    0.000] M: Rgited noavmeory:[m 00000000x0000ff
[   00000] M: Rgistered noavmemoy:me 0x009000x00ff]
[   .0000] P: gistrenoave memory: [mem 0x000a0000-0x000effff]
[    0.000000] PM: Registered nosave memory: [mem 0x000f0000-0x000fffff]
[    0.000000] e820: [mem 0x40000000-0xfebfffff] available for PCI devices
[    0.000000] Booting paravirtualized kernel on KVM
[    0.000000] clocksource: refined-jiffies: mask: 0xffffffff max_cycles: 0xffffffff, max_idle_ns: 7645519600211568 ns
[    0.000000] setup_percpu: NR_CPUS:256 nr_cpumask_bits:256 nr_cpu_ids:2 nr_node_ids:1
[    0.000000] PERCPU: Embedded 33 pages/cpu @ffff88003fc00000 s98008 r8192 d28968 u1048576
[    0.000000] PV qspinlock hash table entries: 256 (order: 0, 4096 bytes)
[    0.000000] Built 1 zonelists in Node order, mobility grouping on.  Total pages: 257913
[    0.000000] Policy zone: DMA32
[    0.000000] Kernel command line: BOOT_IMAGE=/boot/vmlinuz-4.4.0-51-generic root=UUID=e4fb1626-a84e-4f61-beea-3cf490c6e9e1 ro console=tty1 console=ttyS0
[    0.000000] PID hash table entries: 4096 (order: 3, 32768 bytes)
[    0.000000] Memory: 1001584K/1048120K available (8426K kernel code, 1285K rwdata, 3956K rodata, 1480K init, 1292K bss, 46536K reserved, 0K cma-reserved)
[    0.000000] SLUB: HWalign=64, Order=0-3, MinObjects=0, CPUs=2, Nodes=1
[  00000] erarhil CU iplenatio.[   0.0000 	Buildim ajutmentf eaf ant o 64
[   0.000]	RCUreritingCP fom N_CS=56 t ncp_ids2.[   0.0000] RC: jutinggeety fo r_fnoutle=6, nr_u_s=2[  0.000] NR_IRQS:16640 nr_irqs:440 16
[    0.000000] Console: colour VGA+ 80x25
[    0.000000] console [tty1] enabled
[    0.000000] console [ttyS0] enabled
[    0.000000] tsc: Detected 2807.996 MHz processor
[   24.133753] Calibrating delay loop (skipped) preset value.. 5615.99 BogoMIPS (lpj=11231984)
[   24.161708] pid_max: default: 32768 minimum: 301
[   24.245307] ACPI: Core revision 20150930
[   24.330312] ACPI: 2 ACPI AML tables successfully acquired and loaded
[   24.429891] Security Framework initialized
[   24.469356] Yama: becoming mindful.
[   24.525473] AppArmor: AppArmor initialized
[   24.593775] Dentry cache hash table entries: 131072 (order: 8, 1048576 bytes)
[   24.629575] Inode-cac hash table entries: 65536 (order: 7, 524288 bytes)
[   24.746549] Mount-cache hash table entries: 2048 (order: 2, 16384 bytes)
[   24.869472] Mountpoint-cache hash table entries: 2048 (order: 2, 16384 bytes)
[   24.979838] Initializing cgroup subsys io
[   25.045328] Initializing cgroup subsys memory
[   25.098377] Initializing cgroup subsys devices
[   25.158135] Initializing cgroup subsys freezer
[   25.238468] Initializing cgroup subsys net_cls
[   25.322080] Initializing cgroup subsys perf_event
[   25.413799] Initializing cgroup subsys net_prio
[   25.453721] Initializing cgroup subsys hugetlb
[   25.454574] Initializing cgroup subsys pids
[   25.455469] CPU: Physical Processor ID: 0
[   25.456258] CPU: Processor Core ID: 0
[   25.458137] mce: CPU supports 0 MCE banks
[   25.467277] Last level iTLB entries: 4KB 64, 2MB 8, 4MB 8
[   25.468300] Last level dTLB entries: 4KB 64, 2MB 0, 4MB 0, 1GB 4
[   25.471419] Freeing SMP alternatives memory: 32K (ffffffff820b5000 - ffffffff820bd000)
[   25.504215] ftrace: allocating 32053 entries in 126 pages
[   25.602460] smpboot: Max logical packages: 1
[   25.665475] smpboot: APIC(0) Converting physical 0 to logical package 0
[   25.782085] x2apic enabled
[   25.826590] Switched APIC routing to physical x2apic.
[   25.898101] ..TIMER: vector=0x30 apic1=0 pin1=2 apic2=-1 pin2=-1
[   26.112884] smpboot: CPU0: Intel(R) Core(TM) i7-6600U CPU @ 2.60GHz (family: 0x6, model: 0x4e, stepping: 0x3)
[   26.222865] Performance Events: unsupported p6 CPU model 78 no PMU driver, software events only.
[   26.243055] KVM setup paravirtual spinlock
[   26.308059] x86: Booting SMP configuration:
[   26.353373] .... node  #0, CPUs:      #1
[   26.387788] kvm-clock: cpu 1, msr 0:3ffe7041, secondary cpu clock
[   26.390167] mce: CPU supports 0 MCE banks
[   26.398461] x86: Booted up 1 node, 2 CPUs
[   26.444218] smpboot: Total of 2 processors activated (11231.98 BogoMIPS)
[   26.508501] devtmpfs: initialized
[   26.536137] evm: security.selinux
[   26.559818] evm: security.SMACK64
[   26.599430] evm: security.SMACK64EXEC
[   26.630546] evm: security.SMACK64TRANSMUTE
[   26.661777] evm: security.SMACK64MMAP
[   26.697183] evm: security.ima
[   26.717701] evm: security.capability
[   26.762229] clocksource: jiffies: mask: 0xffffffff max_cycles: 0xffffffff, max_idle_ns: 7645041785100000 ns
[   26.882173] pinctrl core: initialized pinctrl subsystem
[   26.920546] RTC time: 22:36:12, date: 01/26/17
[   26.951236] NET: Registered protocol family 16
[   26.990895] cpuidle: using governor ladder
[   27.038776] cpuidle: using governor menu
[   27.084107] PCCT header not found.
[   27.114275] ACPI: bus type PCI registered
[   27.146750] acpiphp: ACPI Hot Plug PCI Controller Driver version: 0.5
[   27.201173] PCI: Using configuration type 1 for base access
[   27.262646] ACPI: Added _OSI(Module Device)
[   27.269390] ACPI: Added _OSI(Processor Device)
[   27.272003] ACPI: Added _OSI(3.0 _SCP Extensions)
[   27.273057] ACPI: Added _OSI(Processor Aggregator Device)
[   27.274851] ACPI: Executed 1 blocks of module-level executable AML code
[   27.284169] ACPI: Interpreter enabled
[   27.325008] ACPI: (supports S0 S5)
[   27.360083] ACPI: Using IOAPIC for interrupt routing
[   27.391038] PCI: Using host bridge windows from ACPI; if necessary, use "pci=nocrs" and report a bug
[   27.441390] ACPI: PCI Root Bridge [PCI0] (domain 0000 [bus 00-ff])
[   27.503808] acpi PNP0A03:00: _OSC: OS supports [ASPM ClockPM Segments MSI]
[   27.510782] acpi PNP0A03:00: _OSC failed (AE_NOT_FOUND); disabling ASPM
[   27.514258] acpi PNP0A03:00: fail to add MMCONFIG information, can't access extended PCI configuration space under this bridge.
[   27.521954] PCI host bridge to bus 0000:00
[   27.532411] pci_bus 0000:00: root bus resource [io  0x0000-0x0cf7 window]
[   27.533668] pci_bus 0000:00: root bus resource [io  0x0d00-0xffff window]
[   27.542396] pci_bus 0000:00: root bus resource [mem 0x000a0000-0x000bffff window]
[   27.565154] pci_bus 0000:00: root bus resource [mem 0x40000000-0xffdfffff window]
[   27.574564] pci_bus 0000:00: root bus resource [bus 00-ff]
[   27.587600] pci 0000:00:01.1: legacy IDE quirk: reg 0x10: [io  0x01f0-0x01f7]
[   27.609795] pci 0000:00:01.1: legacy IDE quirk: reg 0x14: [io  0x03f6]
[   27.616539] pci 0000:00:01.1: legacy IDE quirk: reg 0x18: [io  0x0170-0x0177]
[   27.617766] pci 0000:00:01.1: legacy IDE quirk: reg 0x1c: [io  0x0376]
[   27.634010] pci 0000:00:07.0: quirk: [io  0x4000-0x403f] claimed by PIIX4 ACPI
[   27.660744] pci 0000:00:07.0: quirk: [io  0x4100-0x410f] claimed by PIIX4 SMB
[   27.729773] ACPI: PCI Interrupt Link [LNKA] (IRQs 5 9 10 *11)
[   27.781945] ACPI: PCI Interrupt Link [LNKB] (IRQs 5 9 10 *11)
[   27.839568] ACPI: PCI Interrupt Link [LNKC] (IRQs 5 9 *10 11)
[   27.895769] ACPI: PCI Interrupt Link [LNKD] (IRQs 5 *9 10 11)
[   27.949987] ACPI: Enabled 2 GPEs in block 00 to 07
[   27.973505] vgaarb: setting as boot device: PCI:0000:00:02.0
[   28.029938] vgaarb: device added: PCI:0000:00:02.0,decodes=io+mem,owns=io+mem,locks=none
[   28.110728] vgaarb: loaded
[   28.139364] vgaarb: bridge control possible 0000:00:02.0
[   28.200813] SCSI subsystem initialized
[   28.251647] ACPI: bus type USB registered
[   28.293139] usbcore: registered new interface driver usbfs
[   28.300395] usbcore: registered new interface driver hub
[   28.301587] usbcore: registered new device driver usb
[   28.302870] PCI: Using ACPI for IRQ routing
[   28.324115] NetLabel: Initializing
[   28.346776] NetLabel:  domain hash size = 128
[   28.356257] NetLabel:  protocols = UNLABELED CIPSOv4
[   28.399057] NetLabel:  unlabeled traffic allowed by default
[   28.458327] amd_nb: Cannot enumerate AMD northbridges
[   28.493119] clocksource: Switched to clocksource kvm-clock
[   8.8813 Appmo AArmr lest Ebl
  9.33] p:nPACPI it[ 29053] pp:nPCP fnd dic
[   30.065282] clocksource: acpi_pm: mask: 0xffffff max_cycles: 0xffffff, max_idle_ns: 2085701024 ns
[   30.112881] NET: Registered protocol family 2
[   30.114975] TCP established hash table entries: 8192 (order: 4, 65536 bytes)
[   30.118236] TCP bind hash table entries: 8192 (order: 5, 131072 bytes)
[   30.120686] TCP: Hash tables configured (established 8192 bind 8192)
[   30.128263] UDP hash table entries: 512 (order: 2, 16384 bytes)
[   30.129368] UDP-Lite hash table entries: 512 (order: 2, 16384 bytes)
[   30.130647] NET: Registered protocol family 1
[   30.132890] pci 0000:00:00.0: Limiting direct PCI/PCI transfers
[   30.133987] pci 0000:00:01.0: Activating ISA DMA hang workarounds
[   30.162193] Trying to unpack rootfs image as initramfs...
[   30.383610] Freeing initrd memory: 11048K (ffff880036a5c000 - ffff880037526000)
[   30.403022] platform rtc_cmos: registered platform RTC device (no PNP device found)
[   30.409475] Scanning for low memory corruption every 60 seconds
[   30.411038] futex hash table entries: 512 (order: 3, 32768 bytes)
[   30.418267] audit: initializing netlink subsys (disabled)
[   30.420565] audit: type=2000 audit(1485470152.194:1): initialized
[   30.427698] Initialise system trusted keyring
[   30.451622] HugeTLB registered 2 MB page size, pre-allocated 0 pages
[ 30.4980]bu loaed
[   0.61] S:isquasqu_6.0[ 3128428] FS Dotac hh ableentrie: 2 rd 040 bes

[   31.41615] tsc:ReneTSclksrce calibration: 2808.726 MHz
[   31.401617] clocksource: tsc: mask: 0xffffffffffffffff max_cycles: 0x287c73aa971, max_idle_ns: 440795243957 ns
[   32.520155] squashfs: version 4.0 (2009/01/31) Phillip Lougher
[   32.538342] fuse init (API version 7.23)
[   32.574266] Key type big_key registered
[   32.601695] Allocating IMA MOK and blacklist keyrings.
[   32.603678] Key type asymmetric registered
[   32.609976] Asymmetric key parser 'x509' registered
[   32.645863] Block layer SCSI generic (bsg) driver version 0.4 loaded (major 249)
[   32.689825] io scheduler noop registered
[   32.699197] io scheduler deadline registered (default)
[   32.700114] io scheduler cfq registered
[   32.705956] pci_hotplug: PCI Hot Plug PCI Core version: 0.5
[   32.765742] pciehp: PCI Express Hot Plug Controller Driver version 0.4
[   32.871700] ACPI: AC Adapter [AC] (on-line)
[   32.907277] input: Power Button as /devices/LNXSYSTM:00/LNXPWRBN:00/input/input0
[   32.972233] ACPI: Power Button [PWRF]
[   33.011167] input: Sleep Button as /devices/LNXSYSTM:00/LNXSLPBN:00/input/input1
[   33.085779] ACPI: Sleep Button [SLPF]
[   33.1164 GS:ESisot eabd![ 331185 ACP: Bate St BA] atryrent

[   34.174877] Serial: 8250/16550 driver, 32 ports, IRQ sharing enabled
[   34.222945] 00:02: ttyS0 at I/O 0x3f8 (irq = 4, base_baud = 115200) is a 16550A
[   34.281647] Linux agpgart interface v0.103
[   34.338173] brd: module loaded
[   34.398224] loop: module loaded
[   34.444892] scsi host0: ata_piix
[   34.493990] scsi host1: ata_piix
[   34.519157] ata1: PATA max UDMA/33 cmd 0x1f0 ctl 0x3f6 bmdma 0xd000 irq 14
[   34.612780] ata2: PATA max UDMA/33 cmd 0x170 ctl 0x376 bmdma 0xd008 irq 15
[   34.616757] libphy: Fixed MDIO Bus: probed
[   34.618733] tun: Universal TUN/TAP device driver, 1.6
[   34.619670] tun: (C) 1999-2004 Max Krasnyansky <maxk@qualcomm.com>
[   34.621063] PPP generic driver version 2.4.2
[   34.636750] ehci_hcd: USB 2.0 'Enhanced' Host Controller (EHCI) Driver
[   34.641876] ehci-pci: EHCI PCI platform driver
[   34.647371] ehci-platform: EHCI generic platform driver
[   34.657247] ohci_hcd: USB 1.1 'Open' Host Controller (OHCI) Driver
[   34.658639] ohci-pci: OHCI PCI platform driver
[   34.661405] ohci-platform: OHCI generic platform driver
[   34.682527] uhci_hcd: USB Universal Host Controller Interface driver
[   34.769323] i8042: PNP: PS/2 Controller [PNP0303:PS2K,PNP0f03:PS2M] at 0x60,0x64 irq 1,12
[   34.848208] serio: i8042 KBD port at 0x60,0x64 irq 1
[   34.939773] serio: i8042 AUX port at 0x60,0x64 irq 12
[   35.002170] mousedev: PS/2 mouse device common for all mice
[   35.028733] rtc_cmos rtc_cmos: rtc core: registered rtc_cmos as rtc0
[   35.111129] rtc_cmos rtc_cmos: alarms up to one day, 114 bytes nvram
[   35.154252] input: AT Translated Set 2 keyboard as /devices/platform/i8042/serio0/input/input2
[   35.156066] i2c /dev entries driver
[   35.160361] device-mapper: uevent: version 1.0.3
[   35.219624] device-mapper: ioctl: 4.34.0-ioctl (2015-10-28) initialised: dm-devel@redhat.com
[   35.322186] ledtrig-cpu: registered to indicate activity on CPUs
[   35.390664] NET: Registered protocol family 10
[   35.406910] NET: Registered protocol family 17
[   35.411941] Key type dns_resolver registered
[   35.458423] microcode: CPU0 sig=0x406e3, pf=0x2, revision=0x0
[   35.465144] microcode: CPU1 sig=0x406e3, pf=0x2, revision=0x0
[   35.503940] microcode: Microcode Update Driver: v2.01 <tigran@aivazian.fsnet.co.uk>, Peter Oruba
[   35.549150] registered taskstats version 1
[   35.579130] Loading compiled-in X.509 certificates
[   35.623038] Loaded X.509 cert 'Build time autogenerated kernel key: 56603c66c9a77e946feb1e966c217ab15f551179'
[   35.665889] zswap: loaded using pool lzo/zbud
[   35.670298] Key type trusted registered
[   35.677107] Key type encrypted registered
[   35.678193] AppArmor: AppArmor sha1 policy hashing enabled
[   35.680856] ima: No TPM chip found, activating TPM-bypass!
[   35.692228] evm: HMAC attrs: 0x1
[   35.693428]   Magic number: 1:838:654
[   35.695705] rtc_cmos rtc_cmos: setting system clock to 2017-01-26 22:36:20 UTC (1485470180)
[   35.699235] BIOS EDD facility v0.16 2004-Jun-25, 0 devices found
[   35.708510] EDD information not available.
[   35.718643] Freeing unused kernel memory: 1480K (ffffffff81f43000 - ffffffff820b5000)
[   35.723449] Write protecting the kernel read-only data: 14336k
[   35.725005] Freeing unused kernel memory: 1800K (ffff88000183e000 - ffff880001a00000)
[   35.729727] Freeing unused kernel memory: 140K (ffff880001ddd000 - ffff880001e00000)
Loading, please [   35.750397] random: systemd-udevd: uninitialized urandom read (16 bytes read, 3 bits of entropy available)
wait...
startin[   35.807954] random: systemd-udevd: uninitialized urandom read (16 bytes read, 3 bits of entropy available)
g version 229
[   35.809044] random: udevadm: uninitialized urandom read (16 bytes read, 3 bits of entropy available)
[   35.809076] random: udevadm: uninitialized urandom read (16 bytes read, 3 bits of entropy available)
[   35.809244] random: udevadm: uninitialized urandom read (16 bytes read, 3 bits of entropy available)
[   35.809279] random: udevadm: uninitialized urandom read (16 bytes read, 3 bits of entropy available)
[   35.809315] random: udevadm: uninitialized urandom read (16 bytes read, 3 bits of entropy available)
[   35.809346] random: udevadm: uninitialized urandom read (16 bytes read, 3 bits of entropy available)
[   35.809377] random: udevadm: uninitialized urandom read (16 bytes read, 3 bits of entropy available)
[   35.809407] random: udevadm: uninitialized urandom read (16 bytes read, 3 bits of entropy available)
[   36.600543] e1000: Intel(R) PRO/1000 Network Driver - version 7.3.21-k8-NAPI
[   36.607578] e1000: Copyright (c) 1999-2006 Intel Corporation.
[   36.649065] Fusion MPT base driver 3.04.20
[   36.655841] Copyright (c) 1999-2008 LSI Corporation
[   36.661463] Fusion MPT SPI Host driver 3.04.20
[   36.712562] AVX version of gcm_enc/dec engaged.
[   36.728302] AES CTR mode by8 optimization enabled
[   36.846445] input: ImExPS/2 Generic Explorer Mouse as /devices/platform/i8042/serio1/input/input4
[   37.061889] e1000 0000:00:03.0 eth0: (PCI:33MHz:32-bit) 02:82:9e:07:08:84
[   37.141717] e1000 0000:00:03.0 eth0: Intel(R) PRO/1000 Network Connection
[   37.197761] mptbase: ioc0: Initiating bringup
[   37.198310] e1000 0000:00:03.0 enp0s3: renamed from eth0
[   37.397351] ioc0: LSI53C1030 A0: Capabilities={Initiator}
[   37.683196] scsi host2: ioc0: LSI53C1030 A0, FwRev=00000000h, Ports=1, MaxQ=256, IRQ=20
[   37.877792] scsi 2:0:0:0: Direct-Access     VBOX     HARDDISK         1.0  PQ: 0 ANSI: 5
[   38.707789] scsi target2:0:0: Beginning Domain Validation
[   38.712358] scsi target2:0:0: Domain Validation skipping write tests
[   38.726663] scsi target2:0:0: Ending Domain Validation
[   38.777674] scsi target2:0:0: asynchronous
[   38.819566] scsi 2:0:1:0: Direct-Access     VBOX     HARDDISK         1.0  PQ: 0 ANSI: 5
[   38.838770] scsi target2:0:1: Beginning Domain Validation
[   38.840628] scsi target2:0:1: Domain Validation skipping write tests
[   38.843787] scsi target2:0:1: Ending Domain Validation
[   38.847064] scsi target2:0:1: asynchronous
[   39.665180] floppy0: no floppy controllers found
[   39.665240] work still pending
[   39.697777] sd 2:0:0:0: Attached scsi generic sg0 type 0
[   39.707630] sd 2:0:0:0: [sda] 20971520 512-byte logical blocks: (10.7 GB/10.0 GiB)
[   39.707933] sd 2:0:1:0: [sdb] 20480 512-byte logical blocks: (10.5 MB/10.0 MiB)
[   39.708085] sd 2:0:1:0: [sdb] Write Protect is off
[   39.708170] sd 2:0:1:0: [sdb] Incomplete mode parameter data
[   39.708171] sd 2:0:1:0: [sdb] Assuming drive cache: write through
[   39.708452] sd 2:0:1:0: Attached scsi generic sg1 type 0
[   39.709876] sd 2:0:1:0: [sdb] Attached SCSI disk
[   39.844364] sd 2:0:0:0: [sda] Write Protect is off
[   39.851716] sd 2:0:0:0: [sda] Incomplete mode parameter data
[   39.855390] sd 2:0:0:0: [sda] Assuming drive cache: write through
[   39.898094]  sda: sda1
[   39.901088] sd 2:0:0:0: [sda] Attached SCSI disk
Begin: Loading e[   41.233542] md: linear personality registered for level -1
ssential drivers[   41.298017] md: multipath personality registered for level -4
 ... [   41.358523] md: raid0 personality registered for level 0
[   41.413496] md: raid1 personality registered for level 1
[   41.541221] raid6: sse2x1   gen()  8382 MB/s
[   41.649501] raid6: sse2x1   xor()  5447 MB/s
[   41.737225] raid6: sse2x2   gen()  9747 MB/s
[   41.857529] raid6: sse2x2   xor()  7246 MB/s
[   41.941282] raid6: sse2x4   gen() 10546 MB/s
[   42.017443] raid6: sse2x4   xor()  7515 MB/s
[   42.032828] raid6: using algorithm sse2x4 gen() 10546 MB/s
[   42.036141] raid6: .... xor() 7515 MB/s, rmw enabled
[   42.092537] raid6: using ssse3x2 recovery algorithm
[   42.160937] xor: automatically using best checksumming function:
[   42.261126]    avx       : 21174.000 MB/sec
[   42.312908] async_tx: api initialized (async)
[   42.365180] md: raid6 personality registered for level 6
[   42.455842] md: raid5 personality registered for level 5
[   42.486658] md: raid4 personality registered for level 4
[   42.539137] md: raid10 personality registered for level 10
done.
Begin: Running /scripts/init-premount ... done.
Begin: Mounting root file sys[   42.618988] Btrfs loaded
tem ... Begin: Running /scripts/local-top ... done.
Begin: Running /scripts/local-premount ... Scanning for Btrfs filesystems
done.
Warning: fsck no[   42.702224] EXT4-fs (sda1): INFO: recovery required on readonly filesystem
t present, so skipping root file system
[   42.808225] EXT4-fs (sda1): write access will be enabled during recovery
[   42.889565] EXT4-fs (sda1): orphan cleanup on readonly fs
[   42.894618] EXT4-fs (sda1): 1 orphan inode deleted
[   43.769554] EXT4-fs (sda1): recovery complete
[   43.813237] EXT4-fs (sda1): mounted filesystem with ordered data mode. Opts: (null)
done.
Begin: Running /scripts/local-bottom ... done.
Begin: Running /scripts/init-bottom ... Warning: overlayroot: debug is busted
done.
[   44.092540] systemd[1]: systemd 229 running in system mode. (+PAM +AUDIT +SELINUX +IMA +APPARMOR +SMACK +SYSVINIT +UTMP +LIBCRYPTSETUP +GCRYPT +GNUTLS +ACL +XZ -LZ4 +SECCOMP +BLKID +ELFUTILS +KMOD -IDN)
[   44.127738] systemd[1]: Detected virtualization oracle.
[   44.142206] systemd[1]: Detected architecture x86-64.

Welcome to [1mUbuntu 16.04.1 LTS[0m!

[ 446791] sstd[: t stmeto <epos>.

[   44.837849] random: nonblocking pool is initialized
[   44.953292] systemd[1]: Listening on Device-mapper event daemon FIFOs.
[[0;32m  OK  [0m] Listening on Device-mapper event daemon FIFOs.
[   45.093610] systemd[1]: Lisnig n deinctComptibiitNad pe

[[0;32m  OK  [0m] Listening on /dev/initctl Compatibility Named Pipe.
[   5.7156 ste[1 Cat sceysm Sic
[[0;32m  OK  [0m] Created slice System Slice.
[   463742syem1] SrtedForwrd PssrdeqsttoWa Decryat.
[[0;32m  OK  [0m] Started Forward Password Requests to Wall Directory Watch.
[   47.270139] systemd[1]: Listening on Syslog Socket.
[[0;32m  OK  [0m] Listening on Syslog Socket.
[ 47261]ysem[1: Rechedtargt crteVome
[[0;32m  OK  [0m] Reached target Encrypted Volumes.
[   8.11388]ysmd]:Rehed art ap

[[0;32m  OK  [0m] Reached target Swap.
[ 48605387] sstem[1]: Liseng  uv rn Ske
[[0;32m  OK  [0m] Listening on udev Kernel Socket.
[ 49155]systmd]:reedli sstemserial\x2dgetyli.
[[0;32m  OK  [0m] Created slice system-serial\x2dgetty.slice.
[ 50067]ysmd]:isening on Jornal Socket (/dev/log).

[[0;32m  OK  [0m] Listening on Journal Socket (/dev/log).
[   50.437857] systemd[1]: Listening on LVM2 metadata daemon socket.
[[0;32m  OK  [0m] Listening on LVM2 metadata daemon socket.
[   505724systemd[1] Creted icUs ad ssn ic
[[0;32m  OK  [0m] Created slice User and Session Slice.
[ 51308] systed[: isni oLV pol daemon ocket

[[0;32m  OK  [0m] Listening on LVM2 poll daemon socket.
[   51.843818] systemd[1]: Listeninonoualoct.
[[0;32m  OK  [0m] Listening on Journal Socket.
[   52.202032] systemd[1]: Mounting POSIX Message Queue File System...
         Mounting POSIX Message Queue File System...
[   52.230761] systemd[1]: Starting Create list of required static device nodes for the current kernel...
         Starting Create list of required st... nodes for the current kernel...
[   52.341400] systemd[1]: Mounting Debug File System...
         Mounting Debug File System...
[   52.490626] systemd[1]: Starting Load Kernel Modules...
         Starting Load Ke[   52.520203] Loading iSCSI transport class v2.0-870.
rnel Modules...
[   52.531838] systemd[1]: Mounting Huge Pages File System...
         Mounting Huge Pages File System...
[   52.544568] iscsi: registered transport (tcp)
[   52.594557] systemd[1]: Starting Remount Root and Kernel File Systems...
         Starting Remount[   52.624605] EXT4-fs (sda1): re-mounted. Opts: (null)
 Root and Kernel File Systems...
[   52.647278] iscsi: registered transport (iser)
[   53.513581] systemd[1]: Starting Monitoring of LVM2 mirrors, snapshots etc. using dmeventd or progress polling...
         Starting Monitoring of LVM2 mirrors... dmeventd or progress polling...
[   53.589598] systemd[1]: Starting Uncomplicated firewall...
         Starting Uncomplicated firewall...
[  53.60020 ste[1 S uaumot biarExutleilFoatFi Ste AtoountPoin.
[[0;32m  OK  [0m] Set up automount Arbitrary Executab...ats File System Automount Point.
[ 54482]ysmd]:isenin oJourl diSoet
[[0;32m  OK  [0m] Listening on Journal Audit Socket.
[   55.801832] systemd[1]: Starting Journal Service...
         Starting Journal Service...
[   55.841327] systemd[1]: Starting Nameserver information manager...
         Starting Nameserver information manager...
[ 559779] systemd[1]: eaedart ernd Group meoops
[[0;32m  OK  [0m] Reached target User and Group Name Lookups.
[   56.736135] systemd[1]: Listening on udev Control Socket.
[[0;32m  OK  [0m] Listening on udev Control Socket.
[   56.761502] systemd[1]: Starting Set console keymap...
         Starting Set console keymap...
[   56.774653] systemd[1]: Reached target Slices.
[[0;32m  OK  [0m] Reached target Slices.
[   6.067] system[1 Mnt DugFileSyem

[[0;32m  OK  [0m] Mounted Debug File System.
[  57.377353] systemd[1]: Mounted Huge Pages File System.
[[0;32m  OK  [0m] Mounted Huge Pages File System.
[   57.521713] systemd[1]: Mounted POSIX Message Queue File System.
[[0;32m  OK  [0m] Mounted POSIX Message Queue File System.
[   57.659352] systemd[1]: Started Journal Service.
[[0;32m  OK  [0m] Started Journal Service.
[[0;32m  OK  [0m] Started Create list of required sta...ce nodes for the current kernel.
[[0;32m  OK  [0m] Started Load Kernel Modules.
[[0;32m  OK  [0m] Started Remount Root and Kernel File Systems.
[[0;32m  OK  [0m] Started Uncomplicated firewall.
[[0;32m  OK  [0m] Started Set console keymap.
[[0;32m  OK  [0m] Started Nameserver information manager.
[[0;32m  OK  [0m] Started LVM2 metadata daemon.
         Starting Load/Save Random Seed...
         Starting udev Coldplug all Devices...
         Mounting FUSE Control File System...
         Starting Apply Kernel Variables...
         Starting Create Static Device Nodes in /dev...
         Starting Flush Journal to Persistent Storage...
[[0;32m  OK  [0m] Mounted FUSE Control File System.
[[0;32m  OK  [0m] Started Load/Save Random Seed.
[[0;32m  OK  [0m] Started Apply Kernel Variables.
[[0;32m  OK  [0m] Started Create Static Device Nodes in /dev.
[[0;32m  OK  [0m] Started udev Coldplug all Devices.
[[0;32m  OK  [0m] Started Monitoring of LVM2 mirrors,...ng dmeventd or progress polling.
[[0;32m  OK  [0m] Started Flush Journal to Persistent Storage.
         Starting udev Kernel Device Manager...
[[0;32m  OK  [0m] Started udev Kernel Device Manager.
[[0;32m  OK  [0m] Reached target Local File Systems (Pre).
[[0;32m  OK  [0m] Reached target Local File Systems.
         Starting Tell Plymouth To Write Out Runtime Data...
         Starting Initial cloud-init job (pre-networking)...
         Starting Create Volatile Files and Directories...
         Starting Set console font and keymap...
         Starting LSB: AppArmor initialization...
[[0;32m  OK  [0m] Started Dispatch Password Requests to Console Directory Watch.
[[0;32m  OK  [0m] Started Tell Plymouth To Write Out Runtime Data.
[[0;32m  OK  [0m] Started Create Volatile Files and Directories.
[[0;32m  OK  [0m] Found device /dev/ttyS0.
[[0;32m  OK  [0m] Started LSB: AppArmor initialization.
[   31.916165] [cloud-init[0;32m  OK  [0m[532]: ] Cloud-init v. 0.7.7 running 'init-local' at Thu, 26 Jan 2017 22:36:44 +0000. Up 31.57 seconds.Started Set console font and keymap.

[[0;32m  OK  [0m] Created slice system-getty.slice.
[[0;32m  OK  [0m] Listening on Load/Save RF Kill Switch Status /dev/rfkill Watch.
         Starting Update UTMP about System Boot/Shutdown...
[[0;32m  OK  [0m] Reached target System Time Synchronized.
[[0;32m  OK  [0m] Started Initial cloud-init job (pre-networking).
[[0;32m  OK  [0m] Started Update UTMP about System Boot/Shutdown.
[[0;32m  OK  [0m] Reached target System Initialization.
[[0;32m  OK  [0m] Started Daily Cleanup of Temporary Directories.
[[0;32m  OK  [0m] Started ACPI Events Check.
[[0;32m  OK  [0m] Listening on UUID daemon activation socket.
[[0;32m  OK  [0m] Started Trigger resolvconf update for networkd DNS.
[[0;32m  OK  [0m] Reached target Paths.
[[0;32m  OK  [0m] Started Daily apt activities.
         Starting Socket activation for snappy daemon.
[[0;32m  OK  [0m] Started Timer to automatically refresh installed snaps.
[[0;32m  OK  [0m] Reached target Timers.
[[0;32m  OK  [0m] Listening on ACPID Listen Socket.
         Starting LXD - unix socket.
[[0;32m  OK  [0m] Listening on D-Bus System Message Bus Socket.
[[0;32m  OK  [0m] Reached target Network (Pre).
[[0;32m  OK  [0m] Started ifup for enp0s3.
         Starting Raise network interfaces...
[[0;32m  OK  [0m] Listening on Socket activation for snappy daemon.
[[0;32m  OK  [0m] Listening on LXD - unix socket.
[[0;32m  OK  [0m] Reached target Sockets.
[[0;32m  OK  [0m] Reached target Basic System.
         Starting LXD - container startup/shutdown...
         Starting Login Service...
         Starting LSB: MD monitoring daemon...
         Starting Daily apt activities...
[[0;32m  OK  [0m] Started D-Bus System Message Bus.
         Starting vboxadd-x11.service...
[[0;32m  OK  [0m] Started Regular background program processing daemon.
[[0;32m  OK  [0m] Started FUSE filesystem for LXC.
[[0;32m  OK  [0m] Started Deferred execution scheduler.
         Starting System Logging Service...
[[0;32m  OK  [0m] Started ACPI event daemon.
         Starting vboxadd.service...
         Starting Accounts Service...
         Starting LSB: Record successful boot for GRUB...
[[0;32m  OK  [0m] Started Snappy daemon.
[[0;32m  OK  [0m] Started System Logging Service.
[[0;32m  OK  [0m] Started LXD - container startup/shutdown.
[[0;32m  OK  [0m] Started vboxadd-x11.service.
[[0;32m  OK  [0m] Started vboxadd.service.
[[0;32m  OK  [0m] Started LSB: MD monitoring daemon.
[[0;32m  OK  [0m] Started LSB: Record successful boot for GRUB.
[[0;32m  OK  [0m] Started Login Service.
         Starting Authenticate and Authorize Users to Run Privileged Tasks...
         Starting vboxadd-service.service...
[[0;32m  OK  [0m] Started Authenticate and Authorize Users to Run Privileged Tasks.
[[0;32m  OK  [0m] Started vboxadd-service.service.
[[0;32m  OK  [0m] Started Accounts Service.
[[0;32m  OK  [0m] Started Raise network interfaces.
         Starting Initial cloud-init job (metadata service crawler)...
[[0;32m  OK  [0m] Reached target Network.
         Starting Automatically refresh installed snaps...
         Starting The PHP 7.0 FastCGI Process Manager...
[[0;32m  OK  [0m] Started The PHP 7.0 FastCGI Process Manager.
[   35.201098] cloud-init[1163]: Cloud-init v. 0.7.7 running 'init' at Thu, 26 Jan 2017 22:36:47 +0000. Up 34.91 seconds.
[   35.216027] cloud-init[1163]: ci-info: +++++++++++++++++++++++++++++++++++++Net device info+++++++++++++++++++++++++++++++++++++
[[0;32m  OK  [0m] Started Initial cloud-init job (metadata service crawler).
[   35.265310] cloud-init[1163]: ci-info: +--------+------+---------------------------+---------------+-------+-------------------+
[   35.277851] [[0;32m  OK  [0m] Reached target Network is Online.
cloud-init[1163]: ci-info: | Device |  Up  |          Address          |      Mask     | Scope |     Hw-Address    |
[   35.412694]          cloud-initStarting OpenBSD Secure Shell server...[1163]: 
ci-info: +--------+------+---------------------------+---------------+-------+-------------------+
[   35.475086]          cloud-initStarting iSCSI initiator daemon (iscsid)...[1163]: 
ci-info: | enp0s3 | True |         10.0.2.15         | 255.255.255.0 |   .   | 02:82:9e:07:08:84 |
         Starting /etc/rc.local Compatibility...
[   35.687740] [cloud-init[0;32m  OK  [0m[1163]: ] ci-info: | enp0s3 | True | fe80::82:9eff:fe07:884/64 |       .       |  link | 02:82:9e:07:08:84 |Reached target Cloud-config availability.

[   35.743134]          cloud-initStarting Apply the settings specified in cloud-config...[1163]: 
ci-info: |   lo   | True |         127.0.0.1         |   255.0.0.0   |   .   |         .         |
[   35.812771] [cloud-init[0;32m  OK  [0m[1163]: ] ci-info: |   lo   | True |          ::1/128          |       .       |  host |         .         |Started OpenBSD Secure Shell server.

[   35.813212] cloud-init[1163]: ci-info: +--------+------+---------------------------+---------------+-------+-------------------+
[   35.976844] [cloud-init[0;32m  OK  [0m[1163]: ] ci-info: +++++++++++++++++++++++++++Route IPv4 info++++++++++++++++++++++++++++Started Automatically refresh installed snaps.

[   35.977331] cloud-init[1163]: ci-info: +-------+-------------+----------+---------------+-----------+-------+
[   36.009209] cloud-init[1163]: ci-info: | Route | Destination | Gateway  |    Genmask    | Interface | Flags |
[   36.110269] [cloud-init[0;32m  OK  [0m[1163]: ] ci-info: +-------+-------------+----------+---------------+-----------+-------+Started /etc/rc.local Compatibility.

[[0;32m  OK  [0m] Started iSCSI initiator daemon (iscsid).
[   36.151291] cloud-init[1163]: ci-info: |   0   |   0.0.0.0   | 10.0.2.2 |    0.0.0.0    |   enp0s3  |   UG  |
[   36.208501]          cloud-initStarting Login to default iSCSI targets...[1163]: 
ci-info: |   1   |   10.0.2.0  | 0.0.0.0  | 255.255.255.0 |   enp0s3  |   U   |
[   36.280657] [cloud-init[0;32m  OK  [0m[1163]: ] ci-info: +-------+-------------+----------+---------------+-----------+-------+Started Apply the settings specified in cloud-config.

         Starting Execute cloud user/final scripts...
[   36.323165] cloud-init[1379]: Cloud-init v. 0.7.7 running 'modules:config' at Thu, 26 Jan 2017 22:36:48 +0000. Up 36.01 seconds.
[[0;32m  OK  [0m] Started Login to default iSCSI targets.
[[0;32m  OK  [0m] Reached target Remote File Systems (Pre).
[[0;32m  OK  [0m] Reached target Remote File Systems.
         Starting Permit User Sessions...
         Starting LSB: automatic crash report generation...
         Starting LSB: Set the CPU Frequency Scaling governor to "ondemand"...
         Starting LSB: daemon to balance interrupts for SMP systems...
[[0;32m  OK  [0m] Started Permit User Sessions.
         Starting Hold until boot process finishes up...
         Starting Terminate Plymouth Boot Screen...
[[0;32m  OK  [0m] Started LSB: Set the CPU Frequency Scaling governor to "ondemand".
[[0;32m  OK  [0m] Started LSB: automatic crash report generation.
[[0;32m  OK  [0m] Started LSB: daemon to balance interrupts for SMP systems.
[[0;32m  OK  [0m] Started Hold until boot process finishes up.
[[0;32m  OK  [0m] Started Terminate Plymouth Boot Screen.
[[0;32m  OK  [0m] Started Serial Getty on ttyS0.
[[0;32m  OK  [0m] Started Getty on tty1.
[[0;32m  OK  [0m] Reached target Login Prompts.
         Starting Set console scheme...
[[0;32m  OK  [0m] Started Set console scheme.
[   36.874759] cloud-init[1407]: Cloud-init v. 0.7.7 running 'modules:final' at Thu, 26 Jan 2017 22:36:49 +0000. Up 36.74 seconds.
[   36.903674] cloud-init[1407]: Cloud-init v. 0.7.7 finished at Thu, 26 Jan 2017 22:36:49 +0000. Datasource DataSourceNoCloud [seed=/dev/sdb][dsmode=net].  Up 36.86 seconds
[[0;32m  OK  [0m] Started Execute cloud user/final scripts.
[[0;32m  OK  [0m] Reached target Cloud-init target.
[[0;32m  OK  [0m] Reached target Multi-User System.
[[0;32m  OK  [0m] Reached target Graphical Interface.
         Starting Update UTMP about System Runlevel Changes...
[[0;32m  OK  [0m] Started Update UTMP about System Runlevel Changes.
[[0;32m  OK  [0m] Created slice User Slice of ubuntu.
         Starting User Manager for UID 1000...
[[0;32m  OK  [0m] Started Session 1 of user ubuntu.
[[0;32m  OK  [0m] Started User Manager for UID 1000.

Ubuntu 16.04.1 LTS repos ttyS0

repos login: [[0;32m  OK  [0m] Started ACPI event daemon.
[[0;32m  OK  [0m] Started ACPI event daemon.
[[0;32m  OK  [0m] Started Daily apt activities.
[[0;32m  OK  [0m] Closed Unix socket for apport crash forwarding.
[[0;32m  OK  [0m] Started ACPI event daemon.
         Stopping LSB: automatic crash report generation...
[[0;32m  OK  [0m] Stopped LSB: automatic crash report generation.
[[0;32m  OK  [0m] Started ACPI event daemon.
[[0;32m  OK  [0m] Started ACPI event daemon.
[[0;32m  OK  [0m] Started ACPI event daemon.
[[0;32m  OK  [0m] Started ACPI event daemon.
[[0;32m  OK  [0m] Started ACPI event daemon.
         Starting LSB: automatic crash report generation...
[[0;32m  OK  [0m] Started LSB: automatic crash report generation.
[[0;32m  OK  [0m] Started ACPI event daemon.
[[0;32m  OK  [0m] Started Daily apt activities.
